2024-07-09 18:31:24,789 - pyswarms.single.global_best - INFO - Optimize for 20 iters with {'c1': 0.5, 'c2': 0.3, 'w': 0.9}
2024-07-09 18:33:29,069 - pyswarms.single.global_best - INFO - Optimization finished | best cost: 0.510580204778157, best pos: [0.82250045 1.38666757 1.42162561 0.21589084 0.83554363 1.1166639
 1.44493794 1.52191541 1.25175753 2.09057002 1.3842798  1.66500674
 2.54154359 0.77139106 1.44010482 1.04341684 1.12542917 0.53352998
 2.28447498 1.10551259 1.35686327 1.0383022  0.89042774 1.06676091
 1.02529309 1.20613824 1.10141353 1.6974324  2.51424513 0.73270831
 1.31533105 0.8806666  1.61249917 1.18467277 1.68219749 1.57003738
 1.17489767 2.16997198 2.1401324  1.52844808 0.64008986 1.51437964
 2.34029711 0.67398435 2.03772177 0.66325453 1.24010777 1.83292624
 2.6627882 ]
2024-07-09 18:44:29,449 - pyswarms.single.global_best - INFO - Optimize for 20 iters with {'c1': 0.5, 'c2': 0.3, 'w': 0.9}
2024-07-09 18:45:35,766 - pyswarms.single.global_best - INFO - Optimization finished | best cost: 0.4443686006825939, best pos: [-0.42259791 -0.06396553  0.00266834  0.60729107 -0.08839769 -0.07539876
 -0.07377123  0.3309947  -0.41404523 -0.36346896  0.52504635  0.09699274
 -0.38112707 -0.4011162   0.18003348  0.11521109  0.39111173 -0.04293979
 -0.46402981 -0.08543415  0.36294401  0.33850632  0.4357393   0.27662156
  0.60068415 -0.01123457  0.24469451  0.96201162 -0.10871654 -0.2798507
  0.3097433   0.6151882   0.22914901  0.41254814 -0.25406385  0.52061487
 -0.02170975 -0.85855739 -0.5186894   0.89354678  0.10926645  0.65814929
 -0.0339873  -0.3429043  -0.20467954  0.56965589  0.00168591 -0.3377275
  0.76042472]
2024-07-09 19:26:32,943 - pyswarms.single.global_best - INFO - Optimize for 20 iters with {'c1': 0.5, 'c2': 0.3, 'w': 0.9}
2024-07-09 19:27:41,352 - pyswarms.single.global_best - INFO - Optimization finished | best cost: 0.4946530147895336, best pos: [1.19479627 2.20245006 4.71927869 4.42995412 2.25561379 3.97878452
 1.25928926 3.08277578 4.41313878 0.71689735 2.31742851 2.750642
 3.83533605 3.59373585 1.9588461  2.56239512 2.13604219 1.63126105
 4.22573951 2.65105663 1.70501559 1.33998779 4.00473242 3.5910449
 4.04150013 4.06689226 3.83867194 3.01807838 1.4055725  1.80547288
 3.50993494 3.23538674 3.00152358 3.15799351 2.07209355 4.06255838
 1.62496025 2.87324783 3.40238799 0.59260521 3.73441921 2.90638515
 3.17312556 0.65563305 1.5116213  2.91747985 2.79244342 3.50310978
 1.49904793]
2024-07-11 13:50:46,223 - pyswarms.single.global_best - INFO - Optimize for 20 iters with {'c1': 0.5, 'c2': 0.3, 'w': 0.9}
2024-07-11 13:52:13,450 - pyswarms.single.global_best - INFO - Optimization finished | best cost: 0.5119453924914675, best pos: [1.45367767 1.66552227 1.63601637 1.81752304 1.71912968 1.13155451
 1.40895077 2.2555129  1.23549737 0.91513981 0.52551296 0.83461034
 2.07460762 1.28495943 0.91710671 1.29319048 0.84102963 0.93201076
 0.781252   1.45636219 1.79238434 1.33203035 0.82358636 1.16723867
 0.25793696 1.37962658 1.1348537  2.29918469 0.45287968 1.38023583
 0.41831072 1.4107274  1.89175161 1.14937838 1.91233299 1.15202666
 1.07045944 1.41521832 0.18541243 1.68460016 1.08277914 1.3632895
 0.54029877 1.22398857 0.90012109 0.73250539 1.00777734 1.68432607
 1.25677314]
2024-07-11 14:04:11,232 - pyswarms.single.global_best - INFO - Optimize for 20 iters with {'c1': 0.5, 'c2': 0.3, 'w': 0.9}
2024-07-11 14:05:25,654 - pyswarms.single.global_best - INFO - Optimization finished | best cost: 0.5417519908987486, best pos: [ 0.40040377 -0.65019246  0.2128301  -0.14300299  0.20117067 -0.22145109
  0.73488443 -0.70362418  0.29238676 -1.00182867  0.42975221  0.55618121
 -0.42738672  0.69342884 -0.01084743 -0.05690591  0.38407377  0.19534518
  0.16864739  0.21476045 -0.87899583 -0.63775825 -0.25852021 -0.53641761
 -0.9003599   0.6671985  -0.01518762  0.03009066 -0.92721423  0.2838966
 -1.22433254 -0.24444196 -0.22873332 -0.61106957  0.39802712 -0.72058853
  0.55323177 -0.02473364  0.22211097 -0.13893877  0.82344787 -0.8178971
 -0.632358    0.32059831 -0.6461976  -0.2538844   0.19493225 -0.51380262
 -0.47836755]
2024-07-11 14:07:32,843 - pyswarms.single.global_best - INFO - Optimize for 20 iters with {'c1': 0.5, 'c2': 0.3, 'w': 0.9}
2024-07-11 14:08:43,033 - pyswarms.single.global_best - INFO - Optimization finished | best cost: 0.5560864618885096, best pos: [0.26852769 1.1941192  1.40851852 1.09886334 1.37563778 0.87724004
 0.35002709 1.19914309 0.5279648  1.58722607 1.00622715 1.24387877
 1.76525702 0.62959437 0.98597354 0.5189478  1.75966024 1.98685132
 0.48528246 0.40263926 0.65670551 1.59375847 1.92152251 1.54213843
 1.66252218 1.20984195 1.35150616 0.5399477  1.47764217 0.42529335
 0.68310755 1.07561146 1.33674862 1.53273962 1.237892   0.60231859
 1.33602006 1.14085848 1.46083013 1.60503954 2.25532186 1.4511267
 0.51093547 1.30799732 1.01953969 0.62468218 1.71538944 1.01403729
 1.37112753]
2024-07-11 14:13:24,743 - pyswarms.single.global_best - INFO - Optimize for 20 iters with {'c1': 0.5, 'c2': 0.3, 'w': 0.9}
2024-07-11 14:14:32,621 - pyswarms.single.global_best - INFO - Optimization finished | best cost: 0.545278725824801, best pos: [0.90946693 1.44286123 1.30893321 0.75881472 0.72944894 1.60733677
 1.7577812  2.54446475 0.87510666 0.97432021 1.48733268 1.43479117
 1.28390407 1.12695477 1.78749617 0.73928833 1.14082108 0.61715922
 1.24651052 1.16352011 1.34896006 0.73431699 1.95183992 0.60737565
 0.79839769 1.02684135 1.16194716 1.02054692 1.22064059 1.07259213
 1.19146022 0.21419424 1.34098147 0.27483699 2.06018072 1.57834482
 0.64499224 2.03310711 1.02827865 0.97928241 2.01353081 0.76005348
 0.81439899 2.13816748 1.02253211 1.00565148 1.12087758 0.48142492
 0.88271319]
2024-07-11 14:52:54,015 - pyswarms.single.global_best - INFO - Optimize for 20 iters with {'c1': 0.5, 'c2': 0.3, 'w': 0.9}
2024-07-11 14:53:20,720 - pyswarms.single.global_best - INFO - Optimize for 20 iters with {'c1': 0.5, 'c2': 0.3, 'w': 0.9}
2024-07-11 14:59:06,498 - pyswarms.single.global_best - INFO - Optimize for 20 iters with {'c1': 0.5, 'c2': 0.3, 'w': 0.9}
2024-07-11 15:01:32,433 - pyswarms.single.global_best - INFO - Optimize for 20 iters with {'c1': 0.5, 'c2': 0.3, 'w': 0.9}
2024-07-11 15:04:20,057 - pyswarms.single.global_best - INFO - Optimize for 20 iters with {'c1': 0.5, 'c2': 0.3, 'w': 0.9}
2024-07-11 15:05:26,163 - pyswarms.single.global_best - INFO - Optimize for 20 iters with {'c1': 0.5, 'c2': 0.3, 'w': 0.9}
2024-07-11 15:05:48,004 - pyswarms.single.global_best - INFO - Optimize for 20 iters with {'c1': 0.5, 'c2': 0.3, 'w': 0.9}
2024-07-11 15:06:36,617 - pyswarms.single.global_best - INFO - Optimize for 20 iters with {'c1': 0.5, 'c2': 0.3, 'w': 0.9}
2024-07-11 15:07:49,680 - pyswarms.single.global_best - INFO - Optimization finished | best cost: 0.5216154721274175, best pos: [1.29783631 1.3341458  0.89400944 0.85555153 1.2953325  1.94649906
 0.38062837 0.52674172 1.43350718 0.72883318 0.7885503  2.07431435
 1.61257084 0.72102478 0.67395258 0.76516064 0.81175584 1.75594152
 1.71481929 0.94134954 0.65075927 1.54744289 1.07235904 1.43852274
 0.46829077 0.73943084 1.39281315 0.92125424 1.14262151 1.09589649
 1.33477664 0.7003556  1.11342376 0.64332407 1.33523265 1.01040372
 1.20795024 0.93269483 1.1148157  1.31436666 1.02558894 0.71314678
 0.41507261 1.42371982 0.7485494  1.01292894 0.49981929 1.10351033
 1.27521178]
2024-07-11 15:11:45,658 - pyswarms.single.global_best - INFO - Optimize for 20 iters with {'c1': 0.5, 'c2': 0.3, 'w': 0.9}
2024-07-11 15:12:58,688 - pyswarms.single.global_best - INFO - Optimization finished | best cost: 0.548122866894198, best pos: [0.53163157 1.36824901 0.90234095 0.551897   0.64883661 0.42632076
 1.14836731 1.20344217 1.35207643 1.76955135 0.57534913 0.42065687
 0.45865023 0.1667971  0.27959341 0.8487426  0.3892026  1.30888614
 0.46146472 0.67716939 1.02468523 0.9467642  0.32098587 0.75840702
 1.10346247 1.15539948 0.63783843 0.23217979 1.25492465 1.1271004
 1.04993871 0.44823915 0.38452705 0.40419862 0.59586698 0.81456244
 1.03126749 0.33274829 0.91806453 1.53337709 0.79820633 0.88352258
 1.13132157 0.61031384 0.59160161 0.69428631 0.73506939 0.84350389
 0.80300224]
2024-07-11 15:15:54,115 - pyswarms.single.global_best - INFO - Optimize for 20 iters with {'c1': 0.5, 'c2': 0.3, 'w': 0.9}
2024-07-11 15:17:06,286 - pyswarms.single.global_best - INFO - Optimization finished | best cost: 0.5569965870307166, best pos: [0.02987302 0.36145498 0.02550469 0.81927741 0.55818243 0.55674316
 0.54276725 0.13554122 0.36444207 0.42579943 0.78025302 0.47931001
 0.1917864  0.97193242 0.67851986 0.6434765  0.02334531 0.21899158
 0.69382423 0.89248575 0.61962977 0.25224577 0.10309668 0.50051677
 0.83590191 0.24569664 0.78569679 0.8682583  0.19233818 0.42540953
 0.98865224 0.05420848 0.51489449 0.36649038 0.6986467  0.10215197
 0.97495474 0.61106792 0.89408893 0.13063519 0.52761728 0.34609387
 0.22474232 0.22561543 0.04198701 0.49701792 0.10470654 0.33227006
 0.79108652]
2024-07-11 15:17:57,739 - pyswarms.single.global_best - INFO - Optimize for 20 iters with {'c1': 0.5, 'c2': 0.3, 'w': 0.9}
2024-07-11 15:19:13,580 - pyswarms.single.global_best - INFO - Optimization finished | best cost: 0.5546075085324232, best pos: [1.16817589 2.47216022 0.58769231 0.78505165 1.7510138  1.95117751
 1.00198751 0.67920526 2.54642241 1.46241723 2.33702486 1.06996618
 2.32352756 2.65697101 1.74631548 1.67763684 1.49865528 0.92957238
 2.65840453 2.175772   1.7743523  1.51719977 1.16453305 1.66582244
 2.10544302 1.54110972 0.71849139 2.28795798 1.52428953 0.73450298
 1.66618835 0.97611392 0.83524216 0.19873808 1.46950398 1.31530971
 1.84886955 2.76087157 2.17125599 2.67070246 2.4470914  1.10837359
 1.15398813 1.22806459 1.46260105 2.05096359 1.69468242 2.80605025
 0.73905124]
2024-07-11 15:19:36,546 - pyswarms.single.global_best - INFO - Optimize for 20 iters with {'c1': 0.5, 'c2': 0.3, 'w': 0.9}
2024-07-11 15:20:49,076 - pyswarms.single.global_best - INFO - Optimization finished | best cost: 0.5281001137656428, best pos: [1.74471432 0.91371344 0.41204    0.6859722  1.91800349 1.86723909
 0.69549804 1.130911   2.36803056 0.93957284 0.48933295 0.20786009
 2.69903343 2.06166267 0.59179953 0.93355136 0.63592294 0.6218946
 1.44461304 2.08744223 0.94907381 0.73001259 1.46934197 1.6639528
 1.00817473 1.95379743 1.58703029 1.10070595 0.49651948 2.12442399
 0.55315501 0.85869573 1.63144798 2.75206492 2.19949442 1.8348432
 1.76078902 1.5394758  0.44573645 1.59834732 1.70796536 2.80737683
 1.16024148 1.25367087 0.14647974 2.36164222 0.7970255  2.00286796
 1.82282787]
2024-07-11 15:23:43,229 - pyswarms.single.global_best - INFO - Optimize for 40 iters with {'c1': 0.5, 'c2': 0.3, 'w': 0.9}
2024-07-11 15:26:15,854 - pyswarms.single.global_best - INFO - Optimization finished | best cost: 0.49977246871444825, best pos: [0.69040592 0.17930728 0.57417722 1.48106615 0.81436886 0.31927137
 1.09932046 2.10220454 0.58442916 1.78090044 0.56605493 0.80887126
 0.61457144 0.28495499 0.46442822 0.0843307  0.69346345 0.42852799
 0.08809769 1.19133794 0.52648457 0.59458221 1.54130478 1.05043759
 0.86158793 1.26710599 0.39319167 0.52688273 1.28170856 0.05149157
 0.23781503 0.88537327 0.23299133 0.54173501 0.71409946 0.57036101
 0.77346286 1.18973246 0.20189734 0.99489801 1.10299139 0.71301201
 0.64146184 0.5984188  1.05042393 0.46550855 1.59777763 1.26886842
 0.46504148]
2024-07-11 15:35:27,084 - pyswarms.single.global_best - INFO - Optimize for 40 iters with {'c1': 0.5, 'c2': 0.3, 'w': 0.9}
2024-07-11 15:37:51,994 - pyswarms.single.global_best - INFO - Optimization finished | best cost: 0.5285551763367462, best pos: [ 1.04759524  0.20900032  0.37963114  0.29988212  0.48421828 -0.34962113
 -0.04201328  0.44918209  0.05034557 -0.37967898  0.60621487 -0.96705822
 -0.06741994 -0.14505191 -0.51975487 -0.22926751  0.13437225  0.47932714
 -0.40740244  0.62505714  0.86840739  0.59916767 -0.64716178  0.00897476
 -1.34038046 -1.17431027  0.07419648  0.58349319  0.39670382 -0.61182568
 -0.73851388  0.05586289  0.38102798  0.20094829 -0.05774638 -0.01026229
 -0.83583426  0.71202323 -1.11745169  0.44093218  0.21767206 -0.85278705
  0.36530341 -0.29031252 -1.54312651 -1.47796729  0.67981416 -0.50645282
  0.40328003]
2024-07-11 15:41:31,867 - pyswarms.single.global_best - INFO - Optimize for 40 iters with {'c1': 0.5, 'c2': 0.3, 'w': 0.9}
2024-07-11 15:44:03,606 - pyswarms.single.global_best - INFO - Optimization finished | best cost: 0.5091012514220705, best pos: [3.43561806 1.53603921 0.6590341  1.41088762 2.98697594 3.44192415
 3.64278429 2.65838529 0.72006636 2.69221452 3.26737004 2.82787781
 0.88726852 2.72835179 0.39859683 4.19288655 1.452233   2.82996307
 1.90763191 2.97327974 2.97712093 2.11616384 1.58369971 0.83373903
 3.07782314 2.55692857 3.0102923  2.27268069 3.14904186 2.90882423
 1.76688879 0.72210457 3.20444244 2.23678335 2.51770377 0.64782114
 2.59967278 1.79411592 0.3315033  1.10680492 1.47690673 1.66381902
 2.53780171 2.02782272 2.69079161 4.33185239 2.92438148 1.92340278
 2.06796525]
2024-08-04 16:41:03,075 - pyswarms.single.global_best - INFO - Optimize for 20 iters with {'c1': 0.5, 'c2': 0.3, 'w': 0.9}
2024-08-04 16:46:02,423 - pyswarms.single.global_best - INFO - Optimization finished | best cost: 0.5194539249146758, best pos: [1.07063879 1.25903045 0.3787121  2.03501645 2.33116    2.27852012
 1.08320366 1.50867775 1.37677567 3.03740605 0.92656429 2.27781398
 0.19144123 3.25285087 0.21536302 2.33910238 1.63688731 2.46654035
 1.77124684 0.34248379 1.19683535 1.56898585 1.77824875 2.21047434
 0.87634972 0.84158925 2.4706335  1.29212114 2.17511143 2.12951683
 1.25478708 1.22382666 2.90199927 1.67905741 1.18796268 2.3402994
 0.40941973 0.35049911 2.69299964 1.52167132 1.26680205 2.12503476
 2.53627404 0.32678621 1.01742077 1.94542349 1.36797682 0.34755128
 2.43280908]
2024-08-04 17:36:13,082 - pyswarms.single.global_best - INFO - Optimize for 20 iters with {'c1': 0.5, 'c2': 0.3, 'w': 0.9}
2024-08-04 17:37:54,997 - pyswarms.single.global_best - INFO - Optimization finished | best cost: 0.4976109215017065, best pos: [ 0.14643518 -0.98478398 -0.77040828  0.4261195   0.77838325  0.01147231
  0.04575767  0.56006881  0.79974773 -0.60018283  0.59743506  0.25755478
  0.43441448  0.56034421  0.35264718  0.88228099  0.40664312  0.49398867
 -0.27524002  0.2301367  -0.33874864  0.4149403   0.3053505   0.20828831
  0.4105384   0.14089405 -0.85753627 -0.36451675  0.58935871  0.4612257
 -0.48510695  0.12999943  0.9059638   0.30670929  0.43844886  0.24080607
 -0.25393782  0.7974028   0.23661352 -0.13552981  0.07483209 -0.83802313
 -0.73567555  0.25207606  0.58376238  0.34025828  0.05815275 -0.91274203
 -0.35448443]
2024-10-24 12:32:04,510 - pyswarms.single.global_best - INFO - Optimize for 40 iters with {'c1': 0.5, 'c2': 0.3, 'w': 0.9}
2024-10-24 12:35:48,239 - pyswarms.single.global_best - INFO - Optimization finished | best cost: 0.5013651877133106, best pos: [0.57218903 0.97195507 0.66342519 1.09353546 1.03922787 1.3511856
 0.40426564 0.78889807 0.86388235 1.20949027 0.30852987 1.67971502
 1.4201561  0.67091339 1.18702233 0.74568539 1.04934433 1.05288135
 1.45141028 0.40990792 0.45964635 0.52042505 0.92444803 0.19921391
 0.74375475 1.21269288 1.32405394 1.27601639 1.73410757 0.68731462
 0.44214479 0.47225981 1.32079457 0.56103272 0.31295226 0.66054919
 1.19988402 0.00975007 0.60474675 1.28786995 0.97270825 1.7679768
 1.26836092 0.63355159 1.10578205 1.33471369 1.00791331 1.14077231
 0.93227309]
2024-10-24 14:09:03,280 - ipykernel.comm - ERROR - No such comm target registered: jupyter.widget.control
2024-10-24 14:09:03,296 - Comm - WARNING - No such comm: 1721dffe-ae33-4698-b8aa-add02497983f
2024-10-24 15:39:10,850 - ipykernel.comm - ERROR - No such comm target registered: jupyter.widget.control
2024-10-24 15:39:10,865 - Comm - WARNING - No such comm: 58a4d4da-1f22-4221-b405-76c09681fa88
2024-10-24 15:57:25,497 - ipykernel.comm - ERROR - No such comm target registered: jupyter.widget.control
2024-10-24 15:57:25,505 - Comm - WARNING - No such comm: 02e7aac9-e0d2-41b1-9f96-21e0213c9433
2024-11-04 13:37:17,648 - pyswarms.single.global_best - INFO - Optimize for 40 iters with {'c1': 0.5, 'c2': 0.3, 'w': 0.9}
2024-11-04 13:40:05,069 - pyswarms.single.global_best - INFO - Optimization finished | best cost: 0.7360637087599545, best pos: [2.09216568 3.54159923 1.86897341 1.03141418 1.92625022 3.16202603
 1.5845008  1.80297404 2.23166399 2.39171951 2.591141   1.6376016
 0.74766041 0.89701266 1.48035379 3.38337444 0.44916682 1.2432447
 0.65615495 0.65464739 3.14707478 3.02453363 2.66169512 1.83813438
 1.24173431 0.76067585 2.76280911 1.29172177 0.45273297 2.13883177
 1.61833962 2.08351812 3.41679536 0.45398583 3.06740933 2.10736307
 0.41594353 2.53635621 1.76409202 2.84070634 2.23049548 2.47780106
 1.01442419 2.86839696 2.98704195 2.59411661 1.72803551 3.09994541
 2.88075015]
2024-11-09 10:30:10,237 - pyswarms.single.global_best - INFO - Optimize for 40 iters with {'c1': 0.5, 'c2': 0.3, 'w': 0.9}
2024-11-09 10:34:03,118 - pyswarms.single.global_best - INFO - Optimization finished | best cost: 0.7334470989761093, best pos: [1.41843042 1.78452278 1.71666645 2.16646709 0.81770226 0.31345072
 0.10395387 1.80991904 0.58337906 1.0885292  1.43127335 0.88997981
 1.62423209 0.86097574 1.53081727 0.86901476 1.55491205 2.03928742
 1.6070167  1.43046851 0.7427557  1.78822268 3.01027184 2.07074419
 2.26188153 1.68958772 2.20192531 1.54745457 1.46554168 1.74625926
 2.35523552 2.19105614 2.55466646 2.93930715 1.50723338 2.19548724
 0.82213724 2.26822072 2.08409104 3.31278981 2.07236898 1.10203928
 1.6398269  0.48603385 1.24502006 1.45559382 1.23568515 1.21862594
 1.35038858]
2024-11-09 19:45:36,026 - ipykernel.comm - ERROR - No such comm target registered: jupyter.widget.control
2024-11-09 19:45:36,037 - Comm - WARNING - No such comm: d6391636-2d73-4782-a170-3471be8737fd
2024-11-09 21:54:05,018 - ipykernel.comm - ERROR - No such comm target registered: jupyter.widget.control
2024-11-09 21:54:05,049 - Comm - WARNING - No such comm: bd743bde-dfae-4824-b2ed-fcd8832183c6
2025-02-07 12:44:29,866 - pyswarms.single.global_best - INFO - Optimize for 40 iters with {'c1': 0.5, 'c2': 0.3, 'w': 0.9}
2025-02-07 12:44:40,618 - pyswarms.single.global_best - INFO - Optimization finished | best cost: 0.7328782707622297, best pos: [0.93483104 0.89833842 0.51607013 0.31192501 0.51767821 0.11092075
 0.46927126 0.24215419 0.12181723 0.2117473  0.36060015 0.35376374
 0.36605265 0.64938514 0.67502149 0.49137025 0.28307707 0.02255112
 0.9265071  0.01529608 0.84644527 0.76159414 0.96413591 0.06642696
 0.64145708 0.75781072 0.40255022 0.18455291 0.82704089 0.85718769
 0.85184494 0.82878844 0.73084615 0.27165551 0.90179484 0.8940056
 0.39840112 0.52512033 0.32399997 0.91859048 0.99836279 0.21719018
 0.29127411 0.78688622 0.22554076 0.81106043 0.94145887 0.5198584
 0.31750854]
